mode: set
code/internal/formatters/formatters.go:7.75,8.16 1 0
code/internal/formatters/formatters.go:9.15,10.36 1 0
code/internal/formatters/formatters.go:11.14,12.31 1 0
code/internal/formatters/formatters.go:13.17,14.37 1 0
code/internal/formatters/formatters.go:15.10,16.37 1 0
code/internal/formatters/json.go:8.54,12.2 3 0
code/internal/formatters/json.go:14.81,17.33 2 0
code/internal/formatters/json.go:17.33,18.22 1 0
code/internal/formatters/json.go:19.16,24.6 1 0
code/internal/formatters/json.go:26.18,31.6 1 0
code/internal/formatters/json.go:33.20,38.6 1 0
code/internal/formatters/json.go:40.19,46.6 1 0
code/internal/formatters/json.go:48.17,53.6 1 0
code/internal/formatters/json.go:57.2,57.15 1 0
code/internal/formatters/plain.go:9.68,12.33 2 0
code/internal/formatters/plain.go:12.33,15.22 2 0
code/internal/formatters/plain.go:16.16,18.51 1 0
code/internal/formatters/plain.go:20.18,21.79 1 0
code/internal/formatters/plain.go:23.19,25.84 1 0
code/internal/formatters/plain.go:27.17,29.26 2 0
code/internal/formatters/plain.go:29.26,32.5 2 0
code/internal/formatters/plain.go:36.2,36.43 1 0
code/internal/formatters/plain.go:39.41,40.16 1 0
code/internal/formatters/plain.go:40.16,42.3 1 0
code/internal/formatters/plain.go:43.2,43.25 1 0
code/internal/formatters/plain.go:46.49,47.18 1 0
code/internal/formatters/plain.go:47.18,49.3 1 0
code/internal/formatters/plain.go:51.2,51.27 1 0
code/internal/formatters/plain.go:52.14,53.14 1 0
code/internal/formatters/plain.go:53.14,55.4 1 0
code/internal/formatters/plain.go:56.3,56.32 1 0
code/internal/formatters/plain.go:57.74,58.27 1 0
code/internal/formatters/plain.go:59.10,60.30 1 0
code/internal/formatters/stylish.go:10.68,13.16 2 0
code/internal/formatters/stylish.go:13.16,15.3 1 0
code/internal/formatters/stylish.go:17.2,17.33 1 0
code/internal/formatters/stylish.go:17.33,18.22 1 0
code/internal/formatters/stylish.go:19.20,21.104 2 0
code/internal/formatters/stylish.go:23.16,25.106 2 0
code/internal/formatters/stylish.go:27.18,29.106 2 0
code/internal/formatters/stylish.go:31.19,34.106 3 0
code/internal/formatters/stylish.go:36.17,40.52 4 0
code/internal/formatters/stylish.go:44.2,44.16 1 0
code/internal/formatters/stylish.go:44.16,46.3 1 0
code/internal/formatters/stylish.go:48.2,48.24 1 0
code/internal/formatters/stylish.go:51.55,52.18 1 0
code/internal/formatters/stylish.go:52.18,54.3 1 0
code/internal/formatters/stylish.go:56.2,56.27 1 0
code/internal/formatters/stylish.go:57.14,58.14 1 0
code/internal/formatters/stylish.go:58.14,60.4 1 0
code/internal/formatters/stylish.go:61.3,61.11 1 0
code/internal/formatters/stylish.go:62.30,63.32 1 0
code/internal/formatters/stylish.go:64.35,66.25 2 0
code/internal/formatters/stylish.go:66.25,67.36 1 0
code/internal/formatters/stylish.go:67.36,69.5 1 0
code/internal/formatters/stylish.go:71.3,71.40 1 0
code/internal/formatters/stylish.go:72.21,73.31 1 0
code/internal/formatters/stylish.go:74.10,75.30 1 0
code/internal/formatters/stylish.go:79.65,80.19 1 0
code/internal/formatters/stylish.go:80.19,82.3 1 0
code/internal/formatters/stylish.go:84.2,88.21 4 0
code/internal/formatters/stylish.go:88.21,90.3 1 0
code/internal/formatters/stylish.go:91.2,93.27 2 0
code/internal/formatters/stylish.go:93.27,96.3 2 0
code/internal/formatters/stylish.go:98.2,100.24 3 0
code/internal/formatters/stylish.go:103.55,104.19 1 0
code/internal/formatters/stylish.go:104.19,106.3 1 0
code/internal/formatters/stylish.go:108.2,111.27 3 0
code/internal/formatters/stylish.go:111.27,114.21 3 0
code/internal/formatters/stylish.go:114.21,116.4 1 0
code/internal/formatters/stylish.go:119.2,121.24 3 0
code/gendiff.go:20.49,22.2 1 1
code/gendiff.go:24.59,26.16 2 1
code/gendiff.go:26.16,29.3 2 0
code/gendiff.go:31.2,32.16 2 1
code/gendiff.go:32.16,35.3 2 0
code/gendiff.go:37.2,38.44 2 1
code/gendiff.go:41.75,43.2 1 1
code/gendiff.go:45.68,47.13 2 1
code/gendiff.go:48.16,49.25 1 1
code/gendiff.go:50.16,51.25 1 1
code/gendiff.go:52.10,53.64 1 1
code/gendiff.go:57.61,59.16 2 1
code/gendiff.go:59.16,61.3 1 1
code/gendiff.go:62.2,65.20 3 1
code/gendiff.go:65.20,67.3 1 0
code/gendiff.go:68.2,68.20 1 1
code/gendiff.go:71.61,75.16 3 1
code/gendiff.go:75.16,77.3 1 0
code/gendiff.go:79.2,79.54 1 1
code/gendiff.go:79.54,81.3 1 0
code/gendiff.go:83.2,83.20 1 1
code/gendiff.go:86.69,89.31 2 1
code/gendiff.go:89.31,90.28 1 1
code/gendiff.go:91.31,98.52 3 1
code/gendiff.go:100.36,102.26 2 1
code/gendiff.go:102.26,103.37 1 1
code/gendiff.go:103.37,105.6 1 1
code/gendiff.go:107.4,113.52 3 1
code/gendiff.go:115.22,122.27 2 0
code/gendiff.go:122.27,128.29 2 0
code/gendiff.go:129.33,131.43 2 0
code/gendiff.go:132.24,135.8 1 0
code/gendiff.go:136.13,140.7 1 0
code/gendiff.go:143.5,143.62 1 0
code/gendiff.go:145.4,145.52 1 0
code/gendiff.go:146.11,151.51 2 1
code/gendiff.go:155.2,155.13 1 1
code/gendiff.go:158.64,164.30 4 1
code/gendiff.go:164.30,170.10 4 1
code/gendiff.go:171.37,173.26 2 1
code/gendiff.go:173.26,175.5 1 1
code/gendiff.go:175.10,177.5 1 1
code/gendiff.go:179.37,181.26 2 1
code/gendiff.go:181.26,183.5 1 1
code/gendiff.go:183.10,185.5 1 1
code/gendiff.go:187.37,188.48 1 1
code/gendiff.go:188.48,191.5 2 1
code/gendiff.go:191.10,191.89 1 1
code/gendiff.go:191.89,194.5 2 1
code/gendiff.go:194.10,196.27 2 1
code/gendiff.go:196.27,198.6 1 1
code/gendiff.go:198.11,200.6 1 1
code/gendiff.go:201.5,201.27 1 1
code/gendiff.go:201.27,203.6 1 0
code/gendiff.go:203.11,205.6 1 1
code/gendiff.go:209.3,209.32 1 1
code/gendiff.go:212.2,212.13 1 1
code/gendiff.go:215.61,218.18 2 1
code/gendiff.go:218.18,219.40 1 1
code/gendiff.go:219.40,221.4 1 1
code/gendiff.go:223.2,223.18 1 1
code/gendiff.go:223.18,224.40 1 1
code/gendiff.go:224.40,226.4 1 1
code/gendiff.go:229.2,230.22 2 1
code/gendiff.go:230.22,232.3 1 1
code/gendiff.go:233.2,233.15 1 1
code/gendiff.go:236.73,237.17 1 1
code/gendiff.go:237.17,239.3 1 0
code/gendiff.go:240.2,240.38 1 1
code/gendiff.go:240.38,241.23 1 1
code/gendiff.go:241.23,243.4 1 1
code/gendiff.go:245.2,245.12 1 1
code/gendiff.go:248.57,249.34 1 1
code/gendiff.go:249.34,251.3 1 0
code/gendiff.go:252.2,252.73 1 1
code/gendiff.go:255.46,257.2 1 1
code/gendiff.go:259.59,260.24 1 1
code/gendiff.go:260.24,262.3 1 1
code/gendiff.go:264.2,265.38 2 1
code/gendiff.go:265.38,267.3 1 1
code/gendiff.go:268.2,268.15 1 1
